<?xml version="1.0" encoding="UTF-8"?>
<testng-results skipped="0" failed="0" ignored="0" total="1" passed="1">
  <reporter-output>
  </reporter-output>
  <suite name="Default suite" duration-ms="10620" started-at="2021-06-24T17:17:41Z" finished-at="2021-06-24T17:17:52Z">
    <groups>
    </groups>
    <test name="Default test" duration-ms="10620" started-at="2021-06-24T17:17:41Z" finished-at="2021-06-24T17:17:52Z">
      <class name="demoLog.Log4Demo">
        <test-method status="PASS" signature="LoggerDemo()[pri:0, instance:demoLog.Log4Demo@cc285f4]" name="LoggerDemo" duration-ms="10585" started-at="2021-06-24T17:17:41Z" finished-at="2021-06-24T17:17:52Z">
          <reporter-output>
          </reporter-output>
        </test-method> <!-- LoggerDemo -->
      </class> <!-- demoLog.Log4Demo -->
    </test> <!-- Default test -->
  </suite> <!-- Default suite -->
</testng-results>
